#
# A fatal error has been detected by the Java Runtime Environment:
#
#  EXCEPTION_ACCESS_VIOLATION (0xc0000005) at pc=0x0000000063bd4a90, pid=6928, tid=3096
#
# JRE version: 7.0_25-b17
# Java VM: Java HotSpot(TM) 64-Bit Server VM (23.25-b01 mixed mode windows-amd64 compressed oops)
# Problematic frame:
# V  [jvm.dll+0x24a90]
#
# Failed to write core dump. Minidumps are not enabled by default on client versions of Windows
#
# If you would like to submit a bug report, please visit:
#   http://bugreport.sun.com/bugreport/crash.jsp
#

---------------  T H R E A D  ---------------

Current thread (0x00000000029d3800):  GCTaskThread [stack: 0x0000000006cb0000,0x0000000006db0000] [id=3096]

siginfo: ExceptionCode=0xc0000005, reading address 0x000000067ba00ae8

Registers:
RAX=0x0000000000000001, RBX=0x00000007f4474940, RCX=0x00000007f4474940, RDX=0x000000067ba00ae0
RSP=0x0000000006daf848, RBP=0x0000000000000000, RSI=0x00000000111332a0, RDI=0x00000000111c9ba0
R8 =0x00000000111332a0, R9 =0x0000000000000000, R10=0x0000000000000000, R11=0x00000007d34be660
R12=0x00000000640fa630, R13=0x0000000000000009, R14=0x0000000000000000, R15=0x00000000029d3de0
RIP=0x0000000063bd4a90, EFLAGS=0x0000000000010202

Top of Stack: (sp=0x0000000006daf848)
0x0000000006daf848:   0000000063f07696 00000007f4474918
0x0000000006daf858:   0000000000000005 00000000111332a0
0x0000000006daf868:   00007ffb4f011148 00000007d34b8000
0x0000000006daf878:   0000000000001000 0000000722685560
0x0000000006daf888:   0000000000000400 0000000000000000
0x0000000006daf898:   00000000029ccc01 00000000640fa630
0x0000000006daf8a8:   0000000063f07a20 00000007d34bf4f8
0x0000000006daf8b8:   0000000000000000 00000000111332a0
0x0000000006daf8c8:   00000000111c9ba0 00000007d34bf4f8
0x0000000006daf8d8:   0000000063f08412 0000000000000015
0x0000000006daf8e8:   00000000640fa630 000000071d5d8d88
0x0000000006daf8f8:   0000000063f0792e 00000007ece0bac8
0x0000000006daf908:   0000000000000007 00000000111332a0
0x0000000006daf918:   000031d0000015d3 0000000000000200
0x0000000006daf928:   000031cf000015d3 0000275f00001b1a
0x0000000006daf938:   0000000000000400 00000000029d3dd0 

Instructions: (pc=0x0000000063bd4a90)
0x0000000063bd4a70:   0d 44 0f b7 c0 48 83 c1 48 e8 e8 d7 4b 00 48 83
0x0000000063bd4a80:   c4 28 c3 cc cc cc cc cc cc cc cc cc cc cc cc cc
0x0000000063bd4a90:   44 8b 42 08 4c 8b ca 45 85 c0 7e 0e 41 f6 c0 01
0x0000000063bd4aa0:   75 57 41 c1 f8 03 41 8b c0 c3 79 4d 80 3d e5 82 


Register to memory mapping:

RAX=0x0000000000000001 is an unknown value
RBX=0x00000007f4474940 is an unknown value
RCX=0x00000007f4474940 is an unknown value
RDX=0x000000067ba00ae0 is an unknown value
RSP=0x0000000006daf848 is an unknown value
RBP=0x0000000000000000 is an unknown value
RSI=0x00000000111332a0 is an unknown value
RDI=0x00000000111c9ba0 is an unknown value
R8 =0x00000000111332a0 is an unknown value
R9 =0x0000000000000000 is an unknown value
R10=0x0000000000000000 is an unknown value
R11=0x00000007d34be660 is an oop
[D 
 - klass: {type array double}
 - length: 439
R12=0x00000000640fa630 is an unknown value
R13=0x0000000000000009 is an unknown value
R14=0x0000000000000000 is an unknown value
R15=0x00000000029d3de0 is an unknown value


Stack: [0x0000000006cb0000,0x0000000006db0000],  sp=0x0000000006daf848,  free space=1022k
Native frames: (J=compiled Java code, j=interpreted, Vv=VM code, C=native code)
V  [jvm.dll+0x24a90]

[error occurred during error reporting (printing native stack), id 0xc0000005]


---------------  P R O C E S S  ---------------

Java Threads: ( => current thread )
  0x0000000012bfd000 JavaThread "Monitor Ctrl-Break" daemon [_thread_in_native, id=6500, stack(0x0000000012f80000,0x0000000013080000)]
  0x00000000111bf000 JavaThread "Service Thread" daemon [_thread_blocked, id=6180, stack(0x0000000012980000,0x0000000012a80000)]
  0x00000000111b6800 JavaThread "C2 CompilerThread1" daemon [_thread_blocked, id=5788, stack(0x0000000012880000,0x0000000012980000)]
  0x00000000111b1000 JavaThread "C2 CompilerThread0" daemon [_thread_blocked, id=3472, stack(0x0000000012780000,0x0000000012880000)]
  0x00000000111b0000 JavaThread "Attach Listener" daemon [_thread_blocked, id=7116, stack(0x0000000012680000,0x0000000012780000)]
  0x00000000111ad000 JavaThread "Signal Dispatcher" daemon [_thread_blocked, id=2536, stack(0x0000000012580000,0x0000000012680000)]
  0x0000000011148800 JavaThread "Finalizer" daemon [_thread_blocked, id=6888, stack(0x0000000012480000,0x0000000012580000)]
  0x000000001113f800 JavaThread "Reference Handler" daemon [_thread_blocked, id=3748, stack(0x0000000012380000,0x0000000012480000)]
  0x00000000029c0800 JavaThread "main" [_thread_blocked, id=1400, stack(0x0000000001180000,0x0000000001280000)]

Other Threads:
  0x0000000011137000 VMThread [stack: 0x0000000012280000,0x0000000012380000] [id=6508]
  0x00000000111da000 WatcherThread [stack: 0x0000000012a80000,0x0000000012b80000] [id=6972]

=>0x00000000029d3800 (exited) GCTaskThread [stack: 0x0000000006cb0000,0x0000000006db0000] [id=3096]

VM state:at safepoint (normal execution)

VM Mutex/Monitor currently owned by a thread:  ([mutex/lock_event])
[0x0000000002c1b9c0] Threads_lock - owner thread: 0x0000000011137000
[0x0000000002c1bdc0] Heap_lock - owner thread: 0x00000000029c0800

Heap
 PSYoungGen      total 929344K, used 864513K [0x00000007aaeb0000, 0x0000000800000000, 0x0000000800000000)
  eden space 464704K, 88% used [0x00000007aaeb0000,0x00000007c40e04b0,0x00000007c7480000)
  from space 464640K, 97% used [0x00000007e3a40000,0x00000007ff450020,0x0000000800000000)
  to   space 464640K, 69% used [0x00000007c7480000,0x00000007db0a0000,0x00000007e3a40000)
 ParOldGen       total 1218048K, used 673853K [0x0000000700c00000, 0x000000074b180000, 0x00000007aaeb0000)
  object space 1218048K, 55% used [0x0000000700c00000,0x0000000729e0f6b0,0x000000074b180000)
 PSPermGen       total 21248K, used 3737K [0x00000006fba00000, 0x00000006fcec0000, 0x0000000700c00000)
  object space 21248K, 17% used [0x00000006fba00000,0x00000006fbda6720,0x00000006fcec0000)

Card table byte_map: [0x0000000005c20000,0x0000000006450000] byte_map_base: 0x0000000002443000

Polling page: 0x0000000001010000

Code Cache  [0x0000000002c20000, 0x0000000002e90000, 0x0000000005c20000)
 total_blobs=303 nmethods=103 adapters=152 free_code_cache=48518Kb largest_free_block=49663872

Compilation events (10 events):
Event: 15.061 Thread 0x00000000111b1000   97             java.lang.String::length (6 bytes)
Event: 15.061 Thread 0x00000000111b1000 nmethod 97 0x0000000002cb8f50 code [0x0000000002cb9080, 0x0000000002cb90f8]
Event: 18.316 Thread 0x00000000111b6800   98             java.lang.String::getChars (62 bytes)
Event: 18.441 Thread 0x00000000111b6800 nmethod 98 0x0000000002cb8b50 code [0x0000000002cb8ca0, 0x0000000002cb8dd8]
Event: 20.519 Thread 0x00000000111b1000   99             java.lang.AbstractStringBuilder::append (48 bytes)
Event: 20.614 Thread 0x00000000111b1000 nmethod 99 0x0000000002cb9b10 code [0x0000000002cb9c60, 0x0000000002cba018]
Event: 28.562 Thread 0x00000000111b6800  100             ai.mcts.TreeNode::MCTS (428 bytes)
Event: 28.571 Thread 0x00000000111b6800 nmethod 100 0x0000000002cc0fd0 code [0x0000000002cc12e0, 0x0000000002cc1f98]
Event: 30.463 Thread 0x00000000111b1000  101             java.lang.StringBuilder::append (8 bytes)
Event: 30.527 Thread 0x00000000111b1000 nmethod 101 0x0000000002cb9190 code [0x0000000002cb92e0, 0x0000000002cb9698]

GC Heap History (10 events):
Event: 60.901 GC heap after
Heap after GC invocations=196 (full 59):
 PSYoungGen      total 929344K, used 41120K [0x00000007aaeb0000, 0x0000000800000000, 0x0000000800000000)
  eden space 464704K, 0% used [0x00000007aaeb0000,0x00000007aaeb0000,0x00000007c7480000)
  from space 464640K, 8% used [0x00000007c7480000,0x00000007c9ca8020,0x00000007e3a40000)
  to   space 464640K, 0% used [0x00000007e3a40000,0x00000007e3a40000,0x0000000800000000)
 ParOldGen       total 1218048K, used 399059K [0x0000000700c00000, 0x000000074b180000, 0x00000007aaeb0000)
  object space 1218048K, 32% used [0x0000000700c00000,0x00000007191b4fb0,0x000000074b180000)
 PSPermGen       total 21248K, used 3737K [0x00000006fba00000, 0x00000006fcec0000, 0x0000000700c00000)
  object space 21248K, 17% used [0x00000006fba00000,0x00000006fbda6720,0x00000006fcec0000)
}
Event: 61.036 GC heap before
{Heap before GC invocations=197 (full 59):
 PSYoungGen      total 929344K, used 190865K [0x00000007aaeb0000, 0x0000000800000000, 0x0000000800000000)
  eden space 464704K, 32% used [0x00000007aaeb0000,0x00000007b40ec620,0x00000007c7480000)
  from space 464640K, 8% used [0x00000007c7480000,0x00000007c9ca8020,0x00000007e3a40000)
  to   space 464640K, 0% used [0x00000007e3a40000,0x00000007e3a40000,0x0000000800000000)
 ParOldGen       total 1218048K, used 399059K [0x0000000700c00000, 0x000000074b180000, 0x00000007aaeb0000)
  object space 1218048K, 32% used [0x0000000700c00000,0x00000007191b4fb0,0x000000074b180000)
 PSPermGen       total 21248K, used 3737K [0x00000006fba00000, 0x00000006fcec0000, 0x0000000700c00000)
  object space 21248K, 17% used [0x00000006fba00000,0x00000006fbda6720,0x00000006fcec0000)
Event: 61.056 GC heap after
Heap after GC invocations=197 (full 59):
 PSYoungGen      total 929344K, used 46656K [0x00000007aaeb0000, 0x0000000800000000, 0x0000000800000000)
  eden space 464704K, 0% used [0x00000007aaeb0000,0x00000007aaeb0000,0x00000007c7480000)
  from space 464640K, 10% used [0x00000007e3a40000,0x00000007e67d0020,0x0000000800000000)
  to   space 464640K, 0% used [0x00000007c7480000,0x00000007c7480000,0x00000007e3a40000)
 ParOldGen       total 1218048K, used 399059K [0x0000000700c00000, 0x000000074b180000, 0x00000007aaeb0000)
  object space 1218048K, 32% used [0x0000000700c00000,0x00000007191b4fb0,0x000000074b180000)
 PSPermGen       total 21248K, used 3737K [0x00000006fba00000, 0x00000006fcec0000, 0x0000000700c00000)
  object space 21248K, 17% used [0x00000006fba00000,0x00000006fbda6720,0x00000006fcec0000)
}
Event: 61.056 GC heap before
{Heap before GC invocations=198 (full 60):
 PSYoungGen      total 929344K, used 46656K [0x00000007aaeb0000, 0x0000000800000000, 0x0000000800000000)
  eden space 464704K, 0% used [0x00000007aaeb0000,0x00000007aaeb0000,0x00000007c7480000)
  from space 464640K, 10% used [0x00000007e3a40000,0x00000007e67d0020,0x0000000800000000)
  to   space 464640K, 0% used [0x00000007c7480000,0x00000007c7480000,0x00000007e3a40000)
 ParOldGen       total 1218048K, used 399059K [0x0000000700c00000, 0x000000074b180000, 0x00000007aaeb0000)
  object space 1218048K, 32% used [0x0000000700c00000,0x00000007191b4fb0,0x000000074b180000)
 PSPermGen       total 21248K, used 3737K [0x00000006fba00000, 0x00000006fcec0000, 0x0000000700c00000)
  object space 21248K, 17% used [0x00000006fba00000,0x00000006fbda6720,0x00000006fcec0000)
Event: 61.178 GC heap after
Heap after GC invocations=198 (full 60):
 PSYoungGen      total 929344K, used 0K [0x00000007aaeb0000, 0x0000000800000000, 0x0000000800000000)
  eden space 464704K, 0% used [0x00000007aaeb0000,0x00000007aaeb0000,0x00000007c7480000)
  from space 464640K, 0% used [0x00000007e3a40000,0x00000007e3a40000,0x0000000800000000)
  to   space 464640K, 0% used [0x00000007c7480000,0x00000007c7480000,0x00000007e3a40000)
 ParOldGen       total 1218048K, used 396672K [0x0000000700c00000, 0x000000074b180000, 0x00000007aaeb0000)
  object space 1218048K, 32% used [0x0000000700c00000,0x0000000718f60010,0x000000074b180000)
 PSPermGen       total 21248K, used 3737K [0x00000006fba00000, 0x00000006fcec0000, 0x0000000700c00000)
  object space 21248K, 17% used [0x00000006fba00000,0x00000006fbda6720,0x00000006fcec0000)
}
Event: 61.434 GC heap before
{Heap before GC invocations=199 (full 60):
 PSYoungGen      total 929344K, used 464704K [0x00000007aaeb0000, 0x0000000800000000, 0x0000000800000000)
  eden space 464704K, 100% used [0x00000007aaeb0000,0x00000007c7480000,0x00000007c7480000)
  from space 464640K, 0% used [0x00000007e3a40000,0x00000007e3a40000,0x0000000800000000)
  to   space 464640K, 0% used [0x00000007c7480000,0x00000007c7480000,0x00000007e3a40000)
 ParOldGen       total 1218048K, used 396672K [0x0000000700c00000, 0x000000074b180000, 0x00000007aaeb0000)
  object space 1218048K, 32% used [0x0000000700c00000,0x0000000718f60010,0x000000074b180000)
 PSPermGen       total 21248K, used 3737K [0x00000006fba00000, 0x00000006fcec0000, 0x0000000700c00000)
  object space 21248K, 17% used [0x00000006fba00000,0x00000006fbda6720,0x00000006fcec0000)
Event: 61.477 GC heap after
Heap after GC invocations=199 (full 60):
 PSYoungGen      total 929344K, used 252000K [0x00000007aaeb0000, 0x0000000800000000, 0x0000000800000000)
  eden space 464704K, 0% used [0x00000007aaeb0000,0x00000007aaeb0000,0x00000007c7480000)
  from space 464640K, 54% used [0x00000007c7480000,0x00000007d6a98020,0x00000007e3a40000)
  to   space 464640K, 0% used [0x00000007e3a40000,0x00000007e3a40000,0x0000000800000000)
 ParOldGen       total 1218048K, used 396672K [0x0000000700c00000, 0x000000074b180000, 0x00000007aaeb0000)
  object space 1218048K, 32% used [0x0000000700c00000,0x0000000718f60010,0x000000074b180000)
 PSPermGen       total 21248K, used 3737K [0x00000006fba00000, 0x00000006fcec0000, 0x0000000700c00000)
  object space 21248K, 17% used [0x00000006fba00000,0x00000006fbda6720,0x00000006fcec0000)
}
Event: 61.785 GC heap before
{Heap before GC invocations=200 (full 60):
 PSYoungGen      total 929344K, used 716704K [0x00000007aaeb0000, 0x0000000800000000, 0x0000000800000000)
  eden space 464704K, 100% used [0x00000007aaeb0000,0x00000007c7480000,0x00000007c7480000)
  from space 464640K, 54% used [0x00000007c7480000,0x00000007d6a98020,0x00000007e3a40000)
  to   space 464640K, 0% used [0x00000007e3a40000,0x00000007e3a40000,0x0000000800000000)
 ParOldGen       total 1218048K, used 396672K [0x0000000700c00000, 0x000000074b180000, 0x00000007aaeb0000)
  object space 1218048K, 32% used [0x0000000700c00000,0x0000000718f60010,0x000000074b180000)
 PSPermGen       total 21248K, used 3737K [0x00000006fba00000, 0x00000006fcec0000, 0x0000000700c00000)
  object space 21248K, 17% used [0x00000006fba00000,0x00000006fbda6720,0x00000006fcec0000)
Event: 61.865 GC heap after
Heap after GC invocations=200 (full 60):
 PSYoungGen      total 929344K, used 452672K [0x00000007aaeb0000, 0x0000000800000000, 0x0000000800000000)
  eden space 464704K, 0% used [0x00000007aaeb0000,0x00000007aaeb0000,0x00000007c7480000)
  from space 464640K, 97% used [0x00000007e3a40000,0x00000007ff450020,0x0000000800000000)
  to   space 464640K, 0% used [0x00000007c7480000,0x00000007c7480000,0x00000007e3a40000)
 ParOldGen       total 1218048K, used 396672K [0x0000000700c00000, 0x000000074b180000, 0x00000007aaeb0000)
  object space 1218048K, 32% used [0x0000000700c00000,0x0000000718f60010,0x000000074b180000)
 PSPermGen       total 21248K, used 3737K [0x00000006fba00000, 0x00000006fcec0000, 0x0000000700c00000)
  object space 21248K, 17% used [0x00000006fba00000,0x00000006fbda6720,0x00000006fcec0000)
}
Event: 62.179 GC heap before
{Heap before GC invocations=201 (full 60):
 PSYoungGen      total 929344K, used 864513K [0x00000007aaeb0000, 0x0000000800000000, 0x0000000800000000)
  eden space 464704K, 88% used [0x00000007aaeb0000,0x00000007c40e04b0,0x00000007c7480000)
  from space 464640K, 97% used [0x00000007e3a40000,0x00000007ff450020,0x0000000800000000)
  to   space 464640K, 0% used [0x00000007c7480000,0x00000007c7480000,0x00000007e3a40000)
 ParOldGen       total 1218048K, used 396672K [0x0000000700c00000, 0x000000074b180000, 0x00000007aaeb0000)
  object space 1218048K, 32% used [0x0000000700c00000,0x0000000718f60010,0x000000074b180000)
 PSPermGen       total 21248K, used 3737K [0x00000006fba00000, 0x00000006fcec0000, 0x0000000700c00000)
  object space 21248K, 17% used [0x00000006fba00000,0x00000006fbda6720,0x00000006fcec0000)

Deoptimization events (2 events):
Event: 0.776 Thread 0x00000000029c0800 Uncommon trap -83 fr.pc 0x0000000002c83f74
Event: 28.477 Thread 0x00000000029c0800 Uncommon trap -83 fr.pc 0x0000000002cacefc

Internal exceptions (10 events):
Event: 0.065 Thread 0x00000000029c0800 Threw 0x00000007aaf723b0 at C:\jdk7u2_64p\jdk7u25\hotspot\src\share\vm\prims\jvm.cpp:1235
Event: 0.065 Thread 0x00000000029c0800 Threw 0x00000007aaf724d8 at C:\jdk7u2_64p\jdk7u25\hotspot\src\share\vm\prims\jvm.cpp:1235
Event: 0.070 Thread 0x00000000029c0800 Threw 0x00000007aaf7eb88 at C:\jdk7u2_64p\jdk7u25\hotspot\src\share\vm\prims\jvm.cpp:1235
Event: 0.070 Thread 0x00000000029c0800 Threw 0x00000007aaf85b98 at C:\jdk7u2_64p\jdk7u25\hotspot\src\share\vm\prims\jvm.cpp:1235
Event: 0.076 Thread 0x00000000029c0800 Threw 0x00000007aaed05d8 at C:\jdk7u2_64p\jdk7u25\hotspot\src\share\vm\prims\jvm.cpp:1235
Event: 0.077 Thread 0x00000000029c0800 Threw 0x00000007aaed8f08 at C:\jdk7u2_64p\jdk7u25\hotspot\src\share\vm\prims\jvm.cpp:1235
Event: 0.095 Thread 0x00000000029c0800 Threw 0x00000007aaedb748 at C:\jdk7u2_64p\jdk7u25\hotspot\src\share\vm\prims\jvm.cpp:1235
Event: 0.095 Thread 0x00000000029c0800 Threw 0x00000007aaedec90 at C:\jdk7u2_64p\jdk7u25\hotspot\src\share\vm\prims\jvm.cpp:1235
Event: 0.128 Thread 0x00000000029c0800 Threw 0x00000007ab4daf68 at C:\jdk7u2_64p\jdk7u25\hotspot\src\share\vm\prims\jvm.cpp:1235
Event: 0.776 Thread 0x00000000029c0800 Implicit null exception at 0x0000000002c83f48 to 0x0000000002c83f63

Events (10 events):
Event: 60.453 Executing VM operation: ParallelGCFailedAllocation done
Event: 60.883 Executing VM operation: ParallelGCFailedAllocation
Event: 60.901 Executing VM operation: ParallelGCFailedAllocation done
Event: 61.036 Executing VM operation: ParallelGCSystemGC
Event: 61.178 Executing VM operation: ParallelGCSystemGC done
Event: 61.434 Executing VM operation: ParallelGCFailedAllocation
Event: 61.477 Executing VM operation: ParallelGCFailedAllocation done
Event: 61.785 Executing VM operation: ParallelGCFailedAllocation
Event: 61.865 Executing VM operation: ParallelGCFailedAllocation done
Event: 62.179 Executing VM operation: ParallelGCSystemGC


Dynamic libraries:
0x00007ff7b9730000 - 0x00007ff7b9763000 	C:\Program Files\Java\jdk1.7.0_25\bin\java.exe
0x00007ffb51930000 - 0x00007ffb51ad9000 	C:\WINDOWS\SYSTEM32\ntdll.dll
0x00007ffb517a0000 - 0x00007ffb518d9000 	C:\WINDOWS\system32\KERNEL32.DLL
0x00007ffb4f010000 - 0x00007ffb4f11e000 	C:\WINDOWS\system32\KERNELBASE.dll
0x00007ffb4d8e0000 - 0x00007ffb4d96b000 	C:\WINDOWS\system32\apphelp.dll
0x00007ffb419f0000 - 0x00007ffb41a3c000 	C:\WINDOWS\AppPatch\AppPatch64\AcGenral.DLL
0x00007ffb50cb0000 - 0x00007ffb50d57000 	C:\WINDOWS\system32\msvcrt.dll
0x00007ffb4eb60000 - 0x00007ffb4eb8b000 	C:\WINDOWS\SYSTEM32\SspiCli.dll
0x00007ffb50ea0000 - 0x00007ffb50ef1000 	C:\WINDOWS\system32\SHLWAPI.dll
0x00007ffb51470000 - 0x00007ffb515e1000 	C:\WINDOWS\system32\USER32.dll
0x00007ffb4f3b0000 - 0x00007ffb4f526000 	C:\WINDOWS\system32\ole32.dll
0x00007ffb4f770000 - 0x00007ffb50b7f000 	C:\WINDOWS\system32\SHELL32.dll
0x00007ffb4e340000 - 0x00007ffb4e35f000 	C:\WINDOWS\SYSTEM32\USERENV.dll
0x00007ffb51050000 - 0x00007ffb510f5000 	C:\WINDOWS\system32\ADVAPI32.dll
0x00007ffb44930000 - 0x00007ffb4494b000 	C:\WINDOWS\SYSTEM32\MPR.dll
0x00007ffb4f1c0000 - 0x00007ffb4f2f6000 	C:\WINDOWS\system32\RPCRT4.dll
0x00007ffb4f710000 - 0x00007ffb4f767000 	C:\WINDOWS\SYSTEM32\sechost.dll
0x00007ffb511c0000 - 0x00007ffb51397000 	C:\WINDOWS\SYSTEM32\combase.dll
0x00007ffb50f00000 - 0x00007ffb51045000 	C:\WINDOWS\system32\GDI32.dll
0x00007ffb4ecb0000 - 0x00007ffb4ecc4000 	C:\WINDOWS\SYSTEM32\profapi.dll
0x00007ffb4d2e0000 - 0x00007ffb4d381000 	C:\WINDOWS\SYSTEM32\SHCORE.dll
0x00007ffb518e0000 - 0x00007ffb51914000 	C:\WINDOWS\system32\IMM32.DLL
0x00007ffb50d60000 - 0x00007ffb50e98000 	C:\WINDOWS\system32\MSCTF.dll
0x00007ffb4ca60000 - 0x00007ffb4ccba000 	C:\WINDOWS\WinSxS\amd64_microsoft.windows.common-controls_6595b64144ccf1df_6.0.9600.16384_none_62475f7becb72503\COMCTL32.dll
0x00000000637c0000 - 0x0000000063891000 	C:\Program Files\Java\jdk1.7.0_25\jre\bin\msvcr100.dll
0x0000000063bb0000 - 0x00000000642bf000 	C:\Program Files\Java\jdk1.7.0_25\jre\bin\server\jvm.dll
0x00007ffb469b0000 - 0x00007ffb469b9000 	C:\WINDOWS\SYSTEM32\WSOCK32.dll
0x00007ffb48600000 - 0x00007ffb4861f000 	C:\WINDOWS\SYSTEM32\WINMM.dll
0x00007ffb515f0000 - 0x00007ffb515f7000 	C:\WINDOWS\system32\PSAPI.DLL
0x00007ffb50b80000 - 0x00007ffb50bd8000 	C:\WINDOWS\system32\WS2_32.dll
0x00007ffb482a0000 - 0x00007ffb482ca000 	C:\WINDOWS\SYSTEM32\WINMMBASE.dll
0x00007ffb50be0000 - 0x00007ffb50be9000 	C:\WINDOWS\system32\NSI.dll
0x00007ffb4f170000 - 0x00007ffb4f1ba000 	C:\WINDOWS\SYSTEM32\cfgmgr32.dll
0x00007ffb4db50000 - 0x00007ffb4db76000 	C:\WINDOWS\SYSTEM32\DEVOBJ.dll
0x00000000653a0000 - 0x00000000653af000 	C:\Program Files\Java\jdk1.7.0_25\jre\bin\verify.dll
0x0000000064ff0000 - 0x0000000065018000 	C:\Program Files\Java\jdk1.7.0_25\jre\bin\java.dll
0x0000000063b90000 - 0x0000000063ba5000 	C:\Program Files\Java\jdk1.7.0_25\jre\bin\zip.dll
0x00007ffb49f80000 - 0x00007ffb49f90000 	C:\Program Files (x86)\JetBrains\IntelliJ IDEA Community Edition 12.1.4\bin\breakgen64.dll
0x00000000639d0000 - 0x00000000639e9000 	C:\Program Files\Java\jdk1.7.0_25\jre\bin\net.dll
0x00007ffb4e5e0000 - 0x00007ffb4e638000 	C:\WINDOWS\system32\mswsock.dll
0x00007ffb47a60000 - 0x00007ffb47be8000 	C:\WINDOWS\SYSTEM32\dbghelp.dll

VM Arguments:
jvm_args: -Didea.launcher.port=7534 -Didea.launcher.bin.path=C:\Program Files (x86)\JetBrains\IntelliJ IDEA Community Edition 12.1.4\bin -Dfile.encoding=UTF-8 
java_command: com.intellij.rt.execution.application.AppMain breakthrough.Game
Launcher Type: SUN_STANDARD

Environment Variables:
PATH=
[error occurred during error reporting (printing environment variables), id 0xc0000005]



---------------  S Y S T E M  ---------------

OS: Windows 8 , 64 bit Build 9200 

CPU:total 4 (4 cores per cpu, 1 threads per core) family 6 model 60 stepping 3, cmov, cx8, fxsr, mmx, sse, sse2, sse3, ssse3, sse4.1, sse4.2, popcnt, avx, avx2, tsc, tscinvbit

Memory: 4k page, physical 16719880k(9874736k free), swap 16719880k(8311512k free)

vm_info: Java HotSpot(TM) 64-Bit Server VM (23.25-b01) for windows-amd64 JRE (1.7.0_25-b17), built on Jun 21 2013 12:58:32 by "java_re" with unknown MS VC++:1600

time: Mon Dec 02 20:19:27 2013
elapsed time: 62 seconds

